Using pre-set license
Built from '2020.3/staging' branch; Version is '2020.3.6f1 (338bb68529b2) revision 3378102'; Using compiler version '192528614'; Build Type 'Release'
OS: 'Windows 10 Home; OS build 19042.1466; Version 2009; 64bit' Language: 'en' Physical Memory: 8058 MB
BatchMode: 1, IsHumanControllingUs: 0, StartBugReporterOnCrash: 0, Is64bit: 1, IsPro: 0

 COMMAND LINE ARGUMENTS:
C:\Program Files\Unity\Hub\Editor\2020.3.6f1\Editor\Unity.exe
-adb2
-batchMode
-noUpm
-name
AssetImportWorker0
-projectPath
D:/AmericanSumo/American-Sumo/AmericanSumo
-logFile
Logs/AssetImportWorker0.log
-srvPort
54772
Successfully changed project path to: D:/AmericanSumo/American-Sumo/AmericanSumo
D:/AmericanSumo/American-Sumo/AmericanSumo
Using Asset Import Pipeline V2.
Refreshing native plugins compatible for Editor in 59.68 ms, found 0 plugins.
Preloading 0 native plugins for Editor in 0.00 ms.
Initialize engine version: 2020.3.6f1 (338bb68529b2)
[Subsystems] Discovering subsystems at path C:/Program Files/Unity/Hub/Editor/2020.3.6f1/Editor/Data/Resources/UnitySubsystems
[Subsystems] Discovering subsystems at path D:/AmericanSumo/American-Sumo/AmericanSumo/Assets
GfxDevice: creating device client; threaded=0
Direct3D:
    Version:  Direct3D 11.0 [level 11.0]
    Renderer: NVIDIA GeForce 940M (ID=0x1347)
    Vendor:   
    VRAM:     2013 MB
    Driver:   21.21.13.7654
Initialize mono
Mono path[0] = 'C:/Program Files/Unity/Hub/Editor/2020.3.6f1/Editor/Data/Managed'
Mono path[1] = 'C:/Program Files/Unity/Hub/Editor/2020.3.6f1/Editor/Data/MonoBleedingEdge/lib/mono/unityjit'
Mono config path = 'C:/Program Files/Unity/Hub/Editor/2020.3.6f1/Editor/Data/MonoBleedingEdge/etc'
Using monoOptions --debugger-agent=transport=dt_socket,embedding=1,server=y,suspend=n,address=127.0.0.1:56884
Begin MonoManager ReloadAssembly
Registering precompiled unity dll's ...
Register platform support module: C:/Program Files/Unity/Hub/Editor/2020.3.6f1/Editor/Data/PlaybackEngines/WebGLSupport/UnityEditor.WebGL.Extensions.dll
Register platform support module: C:/Program Files/Unity/Hub/Editor/2020.3.6f1/Editor/Data/PlaybackEngines/WindowsStandaloneSupport/UnityEditor.WindowsStandalone.Extensions.dll
Registered in 0.004707 seconds.
Native extension for WindowsStandalone target not found
Native extension for WebGL target not found
Refreshing native plugins compatible for Editor in 59.90 ms, found 0 plugins.
Preloading 0 native plugins for Editor in 0.00 ms.
Mono: successfully reloaded assembly
- Completed reload, in  3.484 seconds
Platform modules already initialized, skipping
Registering precompiled user dll's ...
Registered in 0.001278 seconds.
Begin MonoManager ReloadAssembly
Native extension for WindowsStandalone target not found
Native extension for WebGL target not found
Refreshing native plugins compatible for Editor in 0.51 ms, found 0 plugins.
Preloading 0 native plugins for Editor in 0.00 ms.
Mono: successfully reloaded assembly
- Completed reload, in  2.193 seconds
Platform modules already initialized, skipping
========================================================================
Worker process is ready to serve import requests
Launched and connected shader compiler UnityShaderCompiler.exe after 0.15 seconds
Refreshing native plugins compatible for Editor in 0.56 ms, found 0 plugins.
Preloading 0 native plugins for Editor in 0.00 ms.
Unloading 1675 Unused Serialized files (Serialized files now loaded: 0)
System memory in use before: 86.3 MB.
System memory in use after: 86.3 MB.

Unloading 10 unused Assets to reduce memory usage. Loaded Objects now: 2125.
Total: 4.204000 ms (FindLiveObjects: 0.251900 ms CreateObjectMapping: 0.091400 ms MarkObjects: 3.709500 ms  DeleteObjects: 0.148400 ms)

========================================================================
Received Import Request.
  path: Assets/Scenes/MainMenu.unity
  artifactKey: Guid(677ced8db358fb9409dd9078987e929f) Importer(815301076,1909f56bfc062723c751e8b465ee728b)
Start importing Assets/Scenes/MainMenu.unity using Guid(677ced8db358fb9409dd9078987e929f) Importer(815301076,1909f56bfc062723c751e8b465ee728b)  -> (artifact id: '9b24e0076388ddea3056697cdbbcfe51') in 0.017102 seconds
  Import took 0.020621 seconds .

========================================================================
Received Import Request.
  Time since last request: 1.513565 seconds.
  path: Assets/Scenes/SampleScene.unity
  artifactKey: Guid(9fc0d4010bbf28b4594072e72b8655ab) Importer(815301076,1909f56bfc062723c751e8b465ee728b)
Start importing Assets/Scenes/SampleScene.unity using Guid(9fc0d4010bbf28b4594072e72b8655ab) Importer(815301076,1909f56bfc062723c751e8b465ee728b)  -> (artifact id: 'd75733e7078262684409d3fd9467fdb9') in 0.007892 seconds
  Import took 0.015497 seconds .

========================================================================
Received Import Request.
  Time since last request: 1.801520 seconds.
  path: Assets/Scenes/2Players
  artifactKey: Guid(71d31fe00205d9f4cb25f3b0a471e0a3) Importer(815301076,1909f56bfc062723c751e8b465ee728b)
Start importing Assets/Scenes/2Players using Guid(71d31fe00205d9f4cb25f3b0a471e0a3) Importer(815301076,1909f56bfc062723c751e8b465ee728b)  -> (artifact id: '4f979a477c3cd4b3eea2eadbb05eede6') in 0.004362 seconds
  Import took 0.009546 seconds .

========================================================================
Received Import Request.
  Time since last request: 0.830822 seconds.
  path: Assets/Scenes/2Players/Trickshot 1.unity
  artifactKey: Guid(c10c1c6e700b5584fb36878e99ffedbd) Importer(815301076,1909f56bfc062723c751e8b465ee728b)
Start importing Assets/Scenes/2Players/Trickshot 1.unity using Guid(c10c1c6e700b5584fb36878e99ffedbd) Importer(815301076,1909f56bfc062723c751e8b465ee728b)  -> (artifact id: 'f439a0b4e269fd78137a8c4d80512c49') in 0.004104 seconds
  Import took 0.009619 seconds .

========================================================================
Received Import Request.
  Time since last request: 0.004301 seconds.
  path: Assets/Scenes/2Players/Trickshot 1.unity
  artifactKey: Guid(c10c1c6e700b5584fb36878e99ffedbd) Importer(815301076,1909f56bfc062723c751e8b465ee728b)
Start importing Assets/Scenes/2Players/Trickshot 1.unity using Guid(c10c1c6e700b5584fb36878e99ffedbd) Importer(815301076,1909f56bfc062723c751e8b465ee728b)  -> (artifact id: 'f439a0b4e269fd78137a8c4d80512c49') in 0.003025 seconds
  Import took 0.007690 seconds .

========================================================================
Received Import Request.
  Time since last request: 60.886072 seconds.
  path: Assets/Scenes/2Players/CaptureTheFlag0Red.unity
  artifactKey: Guid(6301e168c87a8c54caef85a23b726fb9) Importer(815301076,1909f56bfc062723c751e8b465ee728b)
Start importing Assets/Scenes/2Players/CaptureTheFlag0Red.unity using Guid(6301e168c87a8c54caef85a23b726fb9) Importer(815301076,1909f56bfc062723c751e8b465ee728b)  -> (artifact id: '5dea5b237d74cc3cd66727793af59bf4') in 0.003290 seconds
  Import took 0.009263 seconds .

========================================================================
Received Import Request.
  Time since last request: 0.348320 seconds.
  path: Assets/Scenes/2Players/CaptureTheFlag0Blue.unity
  artifactKey: Guid(d4fe658f0ad74224fa6bd979aea78936) Importer(815301076,1909f56bfc062723c751e8b465ee728b)
Start importing Assets/Scenes/2Players/CaptureTheFlag0Blue.unity using Guid(d4fe658f0ad74224fa6bd979aea78936) Importer(815301076,1909f56bfc062723c751e8b465ee728b)  -> (artifact id: '42969d86ada63d478fa1bd1513dc8515') in 0.003308 seconds
  Import took 0.010612 seconds .

========================================================================
Received Import Request.
  Time since last request: 6.659734 seconds.
  path: Assets/Scenes/2Players/GangWar 0.unity
  artifactKey: Guid(d86f376c59109194aa2c2900b98e2447) Importer(815301076,1909f56bfc062723c751e8b465ee728b)
Start importing Assets/Scenes/2Players/GangWar 0.unity using Guid(d86f376c59109194aa2c2900b98e2447) Importer(815301076,1909f56bfc062723c751e8b465ee728b)  -> (artifact id: 'b7e589d8dd8d988e30ff4964b7e2bc09') in 0.003174 seconds
  Import took 0.009960 seconds .

========================================================================
Received Prepare
Registering precompiled user dll's ...
Registered in 0.003354 seconds.
Begin MonoManager ReloadAssembly
Native extension for WindowsStandalone target not found
Native extension for WebGL target not found
Refreshing native plugins compatible for Editor in 0.41 ms, found 0 plugins.
Preloading 0 native plugins for Editor in 0.00 ms.
Mono: successfully reloaded assembly
- Completed reload, in  3.182 seconds
Platform modules already initialized, skipping
Refreshing native plugins compatible for Editor in 0.61 ms, found 0 plugins.
Preloading 0 native plugins for Editor in 0.00 ms.
Unloading 1606 Unused Serialized files (Serialized files now loaded: 0)
System memory in use before: 80.0 MB.
System memory in use after: 80.0 MB.

Unloading 5 unused Assets to reduce memory usage. Loaded Objects now: 2128.
Total: 14.870000 ms (FindLiveObjects: 1.380100 ms CreateObjectMapping: 1.548500 ms MarkObjects: 11.809700 ms  DeleteObjects: 0.128700 ms)

========================================================================
Received Import Request.
  Time since last request: 109.881793 seconds.
  path: Assets/Scenes/2Players/Pistols 1.unity
  artifactKey: Guid(a5136de784c588f409596bf8f7544448) Importer(815301076,1909f56bfc062723c751e8b465ee728b)
Start importing Assets/Scenes/2Players/Pistols 1.unity using Guid(a5136de784c588f409596bf8f7544448) Importer(815301076,1909f56bfc062723c751e8b465ee728b)  -> (artifact id: '8813037fcc3f950268bb6a4c27e552ab') in 0.037354 seconds
  Import took 0.057047 seconds .

========================================================================
Received Import Request.
  Time since last request: 0.786137 seconds.
  path: Assets/Scenes/2Players/Pistols 0.unity
  artifactKey: Guid(cf082609cbf3fee42b1a7d1e02f4635e) Importer(815301076,1909f56bfc062723c751e8b465ee728b)
Start importing Assets/Scenes/2Players/Pistols 0.unity using Guid(cf082609cbf3fee42b1a7d1e02f4635e) Importer(815301076,1909f56bfc062723c751e8b465ee728b)  -> (artifact id: 'a269c294829aaa8611bb44ce9563b50e') in 0.003961 seconds
  Import took 0.021639 seconds .

========================================================================
Received Prepare
Registering precompiled user dll's ...
Registered in 0.001180 seconds.
Begin MonoManager ReloadAssembly
Native extension for WindowsStandalone target not found
Native extension for WebGL target not found
Refreshing native plugins compatible for Editor in 0.77 ms, found 0 plugins.
Preloading 0 native plugins for Editor in 0.00 ms.
Mono: successfully reloaded assembly
- Completed reload, in  1.519 seconds
Platform modules already initialized, skipping
Refreshing native plugins compatible for Editor in 0.38 ms, found 0 plugins.
Preloading 0 native plugins for Editor in 0.00 ms.
Unloading 1606 Unused Serialized files (Serialized files now loaded: 0)
System memory in use before: 80.0 MB.
System memory in use after: 80.1 MB.

Unloading 5 unused Assets to reduce memory usage. Loaded Objects now: 2131.
Total: 3.729900 ms (FindLiveObjects: 0.365600 ms CreateObjectMapping: 0.144800 ms MarkObjects: 3.076300 ms  DeleteObjects: 0.140600 ms)

========================================================================
Received Prepare
Registering precompiled user dll's ...
Registered in 0.001870 seconds.
Begin MonoManager ReloadAssembly
Native extension for WindowsStandalone target not found
Native extension for WebGL target not found
Refreshing native plugins compatible for Editor in 0.36 ms, found 0 plugins.
Preloading 0 native plugins for Editor in 0.00 ms.
Mono: successfully reloaded assembly
- Completed reload, in  1.531 seconds
Platform modules already initialized, skipping
Refreshing native plugins compatible for Editor in 0.39 ms, found 0 plugins.
Preloading 0 native plugins for Editor in 0.00 ms.
Unloading 1606 Unused Serialized files (Serialized files now loaded: 0)
System memory in use before: 80.0 MB.
System memory in use after: 80.1 MB.

Unloading 5 unused Assets to reduce memory usage. Loaded Objects now: 2134.
Total: 2.764200 ms (FindLiveObjects: 0.218600 ms CreateObjectMapping: 0.108300 ms MarkObjects: 2.345900 ms  DeleteObjects: 0.090000 ms)

========================================================================
Received Import Request.
  Time since last request: 113.166508 seconds.
  path: Assets/Scenes/2Players/Trickshot 2.unity
  artifactKey: Guid(96aa51fd4b8b2d542a9373f5d9c8b335) Importer(815301076,1909f56bfc062723c751e8b465ee728b)
Start importing Assets/Scenes/2Players/Trickshot 2.unity using Guid(96aa51fd4b8b2d542a9373f5d9c8b335) Importer(815301076,1909f56bfc062723c751e8b465ee728b)  -> (artifact id: 'c516705129461edd60f7649b51d46184') in 0.017836 seconds
  Import took 0.021660 seconds .

========================================================================
Received Import Request.
  Time since last request: 4.713990 seconds.
  path: Assets/Scenes/2Players/Quickdraw.unity
  artifactKey: Guid(96aa51fd4b8b2d542a9373f5d9c8b335) Importer(815301076,1909f56bfc062723c751e8b465ee728b)
Start importing Assets/Scenes/2Players/Quickdraw.unity using Guid(96aa51fd4b8b2d542a9373f5d9c8b335) Importer(815301076,1909f56bfc062723c751e8b465ee728b)  -> (artifact id: 'a3b610b896061cc312c9c3c4f6717c4b') in 0.004303 seconds
  Import took 0.010046 seconds .

========================================================================
Received Import Request.
  Time since last request: 0.937913 seconds.
  path: Assets/Scenes/2Players/Trickshot 0.unity
  artifactKey: Guid(b4fd174e870da2140a92d5296aa62556) Importer(815301076,1909f56bfc062723c751e8b465ee728b)
Start importing Assets/Scenes/2Players/Trickshot 0.unity using Guid(b4fd174e870da2140a92d5296aa62556) Importer(815301076,1909f56bfc062723c751e8b465ee728b)  -> (artifact id: 'bfe70ef7fe3d9d5578d7ee2c50d0014d') in 0.002837 seconds
  Import took 0.010227 seconds .

========================================================================
Received Import Request.
  Time since last request: 29.719819 seconds.
  path: Assets/Prefabs/Bullets/BouncyBullet.prefab
  artifactKey: Guid(6693b269d7330ba42b873380a6764f19) Importer(815301076,1909f56bfc062723c751e8b465ee728b)
Start importing Assets/Prefabs/Bullets/BouncyBullet.prefab using Guid(6693b269d7330ba42b873380a6764f19) Importer(815301076,1909f56bfc062723c751e8b465ee728b)  -> (artifact id: '0feadd0650ed0d15f1125228d57f18e9') in 0.204748 seconds
  Import took 0.211275 seconds .

========================================================================
Received Import Request.
  Time since last request: 0.000562 seconds.
  path: Assets/Prefabs/Bullets/TrickshotBullet.prefab
  artifactKey: Guid(f52f1dca0bbc78d4f99df02e52ac95f7) Importer(815301076,1909f56bfc062723c751e8b465ee728b)
Start importing Assets/Prefabs/Bullets/TrickshotBullet.prefab using Guid(f52f1dca0bbc78d4f99df02e52ac95f7) Importer(815301076,1909f56bfc062723c751e8b465ee728b)  -> (artifact id: '4179132a21f11efb47c86898c45fa146') in 0.018403 seconds
  Import took 0.027299 seconds .

========================================================================
Received Import Request.
  Time since last request: 0.000583 seconds.
  path: Assets/Prefabs/Bullets/BouncyBullet.prefab
  artifactKey: Guid(6693b269d7330ba42b873380a6764f19) Importer(815301076,1909f56bfc062723c751e8b465ee728b)
Start importing Assets/Prefabs/Bullets/BouncyBullet.prefab using Guid(6693b269d7330ba42b873380a6764f19) Importer(815301076,1909f56bfc062723c751e8b465ee728b)  -> (artifact id: '0feadd0650ed0d15f1125228d57f18e9') in 0.016986 seconds
  Import took 0.024233 seconds .

========================================================================
Received Import Request.
  Time since last request: 0.000387 seconds.
  path: Assets/Prefabs/Bullets/NormalBullet.prefab
  artifactKey: Guid(0a814eb005414f643b7fa94b17026010) Importer(815301076,1909f56bfc062723c751e8b465ee728b)
Start importing Assets/Prefabs/Bullets/NormalBullet.prefab using Guid(0a814eb005414f643b7fa94b17026010) Importer(815301076,1909f56bfc062723c751e8b465ee728b)  -> (artifact id: 'ab4370cb4175a92e891db05815dc9872') in 0.013733 seconds
  Import took 0.018907 seconds .

========================================================================
Received Import Request.
  Time since last request: 0.018776 seconds.
  path: Assets/Prefabs/Bullets/NormalBullet.prefab
  artifactKey: Guid(0a814eb005414f643b7fa94b17026010) Importer(815301076,1909f56bfc062723c751e8b465ee728b)
Start importing Assets/Prefabs/Bullets/NormalBullet.prefab using Guid(0a814eb005414f643b7fa94b17026010) Importer(815301076,1909f56bfc062723c751e8b465ee728b)  -> (artifact id: 'ab4370cb4175a92e891db05815dc9872') in 0.015829 seconds
  Import took 0.023133 seconds .

AssetImportWorkerClient::OnTransportError - code=2 error=End of file
